[28-Aug-2017 05:35:27 UTC] PHP Parse error:  syntax error, unexpected 'array_push' (T_STRING) in /home/ubuntu/workspace/ajax/getstates.php on line 22
[28-Aug-2017 05:35:40 UTC] PHP Parse error:  syntax error, unexpected 'array_push' (T_STRING) in /home/ubuntu/workspace/ajax/getstates.php on line 22
[28-Aug-2017 05:35:53 UTC] PHP Parse error:  syntax error, unexpected 'array_push' (T_STRING) in /home/ubuntu/workspace/ajax/getstates.php on line 22
[28-Aug-2017 05:35:56 UTC] PHP Parse error:  syntax error, unexpected 'array_push' (T_STRING) in /home/ubuntu/workspace/ajax/getstates.php on line 22
[28-Aug-2017 05:37:51 UTC] PHP Parse error:  syntax error, unexpected 'array_push' (T_STRING) in /home/ubuntu/workspace/ajax/getstates.php on line 22
[28-Aug-2017 05:42:04 UTC] PHP Parse error:  syntax error, unexpected 'array_push' (T_STRING) in /home/ubuntu/workspace/ajax/getstates.php on line 23
[28-Aug-2017 05:42:16 UTC] PHP Parse error:  syntax error, unexpected 'array_push' (T_STRING) in /home/ubuntu/workspace/ajax/getstates.php on line 23
[28-Aug-2017 05:42:24 UTC] PHP Parse error:  syntax error, unexpected 'array_push' (T_STRING) in /home/ubuntu/workspace/ajax/getstates.php on line 23
[28-Aug-2017 05:42:33 UTC] PHP Parse error:  syntax error, unexpected 'array_push' (T_STRING) in /home/ubuntu/workspace/ajax/getstates.php on line 23
[28-Aug-2017 05:44:44 UTC] PHP Fatal error:  Call to undefined function utf8_ecode() in /home/ubuntu/workspace/ajax/getstates.php on line 21
[28-Aug-2017 05:44:44 UTC] PHP Stack trace:
[28-Aug-2017 05:44:44 UTC] PHP   1. {main}() /home/ubuntu/workspace/ajax/getstates.php:0
[28-Aug-2017 05:44:54 UTC] PHP Fatal error:  Call to undefined function utf8_ecode() in /home/ubuntu/workspace/ajax/getstates.php on line 21
[28-Aug-2017 05:44:54 UTC] PHP Stack trace:
[28-Aug-2017 05:44:54 UTC] PHP   1. {main}() /home/ubuntu/workspace/ajax/getstates.php:0
[28-Aug-2017 05:44:58 UTC] PHP Fatal error:  Call to undefined function utf8_ecode() in /home/ubuntu/workspace/ajax/getstates.php on line 21
[28-Aug-2017 05:44:58 UTC] PHP Stack trace:
[28-Aug-2017 05:44:58 UTC] PHP   1. {main}() /home/ubuntu/workspace/ajax/getstates.php:0
[28-Aug-2017 05:46:54 UTC] PHP Fatal error:  Call to undefined function utf8_ecode() in /home/ubuntu/workspace/ajax/getstates.php on line 21
[28-Aug-2017 05:46:54 UTC] PHP Stack trace:
[28-Aug-2017 05:46:54 UTC] PHP   1. {main}() /home/ubuntu/workspace/ajax/getstates.php:0
[28-Aug-2017 05:47:11 UTC] PHP Fatal error:  Call to undefined function utf8_ecode() in /home/ubuntu/workspace/ajax/getstates.php on line 21
[28-Aug-2017 05:47:11 UTC] PHP Stack trace:
[28-Aug-2017 05:47:11 UTC] PHP   1. {main}() /home/ubuntu/workspace/ajax/getstates.php:0
[28-Aug-2017 05:48:01 UTC] PHP Fatal error:  Call to undefined function utf8_ecode() in /home/ubuntu/workspace/ajax/getstates.php on line 21
[28-Aug-2017 05:48:01 UTC] PHP Stack trace:
[28-Aug-2017 05:48:01 UTC] PHP   1. {main}() /home/ubuntu/workspace/ajax/getstates.php:0
[28-Aug-2017 05:49:40 UTC] PHP Fatal error:  Call to undefined function utf8_ecode() in /home/ubuntu/workspace/ajax/getstates.php on line 21
[28-Aug-2017 05:49:40 UTC] PHP Stack trace:
[28-Aug-2017 05:49:40 UTC] PHP   1. {main}() /home/ubuntu/workspace/ajax/getstates.php:0
[28-Aug-2017 05:49:48 UTC] PHP Fatal error:  Call to undefined function utf8_ecode() in /home/ubuntu/workspace/ajax/getstates.php on line 21
[28-Aug-2017 05:49:48 UTC] PHP Stack trace:
[28-Aug-2017 05:49:48 UTC] PHP   1. {main}() /home/ubuntu/workspace/ajax/getstates.php:0
[28-Aug-2017 05:49:51 UTC] PHP Fatal error:  Call to undefined function utf8_ecode() in /home/ubuntu/workspace/ajax/getstates.php on line 21
[28-Aug-2017 05:49:51 UTC] PHP Stack trace:
[28-Aug-2017 05:49:51 UTC] PHP   1. {main}() /home/ubuntu/workspace/ajax/getstates.php:0
[28-Aug-2017 05:51:22 UTC] PHP Fatal error:  Call to undefined function utf8_ecode() in /home/ubuntu/workspace/ajax/getstates.php on line 21
[28-Aug-2017 05:51:22 UTC] PHP Stack trace:
[28-Aug-2017 05:51:22 UTC] PHP   1. {main}() /home/ubuntu/workspace/ajax/getstates.php:0
[28-Aug-2017 05:51:49 UTC] PHP Fatal error:  Call to undefined function utf8_ecode() in /home/ubuntu/workspace/ajax/getstates.php on line 21
[28-Aug-2017 05:51:49 UTC] PHP Stack trace:
[28-Aug-2017 05:51:49 UTC] PHP   1. {main}() /home/ubuntu/workspace/ajax/getstates.php:0
[28-Aug-2017 05:51:55 UTC] PHP Fatal error:  Call to undefined function utf8_ecode() in /home/ubuntu/workspace/ajax/getstates.php on line 21
[28-Aug-2017 05:51:55 UTC] PHP Stack trace:
[28-Aug-2017 05:51:55 UTC] PHP   1. {main}() /home/ubuntu/workspace/ajax/getstates.php:0
[28-Aug-2017 05:53:16 UTC] PHP Fatal error:  Call to undefined function utf8_ecode() in /home/ubuntu/workspace/ajax/getstates.php on line 20
[28-Aug-2017 05:53:16 UTC] PHP Stack trace:
[28-Aug-2017 05:53:16 UTC] PHP   1. {main}() /home/ubuntu/workspace/ajax/getstates.php:0
[28-Aug-2017 05:53:34 UTC] PHP Fatal error:  Call to undefined function utf8_ecode() in /home/ubuntu/workspace/ajax/getstates.php on line 20
[28-Aug-2017 05:53:34 UTC] PHP Stack trace:
[28-Aug-2017 05:53:34 UTC] PHP   1. {main}() /home/ubuntu/workspace/ajax/getstates.php:0
[28-Aug-2017 05:56:28 UTC] PHP Fatal error:  Call to undefined function utf8_ecode() in /home/ubuntu/workspace/ajax/getstates.php on line 20
[28-Aug-2017 05:56:28 UTC] PHP Stack trace:
[28-Aug-2017 05:56:28 UTC] PHP   1. {main}() /home/ubuntu/workspace/ajax/getstates.php:0
[28-Aug-2017 05:56:53 UTC] PHP Fatal error:  Call to undefined function utf8_ecode() in /home/ubuntu/workspace/ajax/getstates.php on line 20
[28-Aug-2017 05:56:53 UTC] PHP Stack trace:
[28-Aug-2017 05:56:53 UTC] PHP   1. {main}() /home/ubuntu/workspace/ajax/getstates.php:0
[28-Aug-2017 05:56:58 UTC] PHP Fatal error:  Call to undefined function utf8_ecode() in /home/ubuntu/workspace/ajax/getstates.php on line 20
[28-Aug-2017 05:56:58 UTC] PHP Stack trace:
[28-Aug-2017 05:56:58 UTC] PHP   1. {main}() /home/ubuntu/workspace/ajax/getstates.php:0
[28-Aug-2017 05:58:48 UTC] PHP Fatal error:  Call to undefined function utf8_ecode() in /home/ubuntu/workspace/ajax/getstates.php on line 20
[28-Aug-2017 05:58:48 UTC] PHP Stack trace:
[28-Aug-2017 05:58:48 UTC] PHP   1. {main}() /home/ubuntu/workspace/ajax/getstates.php:0
[28-Aug-2017 05:58:57 UTC] PHP Fatal error:  Call to undefined function utf8_ecode() in /home/ubuntu/workspace/ajax/getstates.php on line 20
[28-Aug-2017 05:58:57 UTC] PHP Stack trace:
[28-Aug-2017 05:58:57 UTC] PHP   1. {main}() /home/ubuntu/workspace/ajax/getstates.php:0
[28-Aug-2017 05:59:19 UTC] PHP Fatal error:  Call to undefined function utf8_ecode() in /home/ubuntu/workspace/ajax/getstates.php on line 20
[28-Aug-2017 05:59:19 UTC] PHP Stack trace:
[28-Aug-2017 05:59:19 UTC] PHP   1. {main}() /home/ubuntu/workspace/ajax/getstates.php:0
[28-Aug-2017 05:59:46 UTC] PHP Fatal error:  Call to undefined function utf8_ecode() in /home/ubuntu/workspace/ajax/getstates.php on line 20
[28-Aug-2017 05:59:46 UTC] PHP Stack trace:
[28-Aug-2017 05:59:46 UTC] PHP   1. {main}() /home/ubuntu/workspace/ajax/getstates.php:0
[28-Aug-2017 05:59:49 UTC] PHP Fatal error:  Call to undefined function utf8_ecode() in /home/ubuntu/workspace/ajax/getstates.php on line 20
[28-Aug-2017 05:59:49 UTC] PHP Stack trace:
[28-Aug-2017 05:59:49 UTC] PHP   1. {main}() /home/ubuntu/workspace/ajax/getstates.php:0
[28-Aug-2017 05:59:53 UTC] PHP Fatal error:  Call to undefined function utf8_ecode() in /home/ubuntu/workspace/ajax/getstates.php on line 20
[28-Aug-2017 05:59:53 UTC] PHP Stack trace:
[28-Aug-2017 05:59:53 UTC] PHP   1. {main}() /home/ubuntu/workspace/ajax/getstates.php:0
[11-Sep-2017 04:51:17 UTC] PHP Fatal error:  Call to undefined function if_readable() in /home/ubuntu/workspace/autoloader.php on line 13
[11-Sep-2017 04:51:17 UTC] PHP Stack trace:
[11-Sep-2017 04:51:17 UTC] PHP   1. {main}() /home/ubuntu/workspace/ajax/ajaxlogin.php:0
[11-Sep-2017 04:51:17 UTC] PHP   2. spl_autoload_call() /home/ubuntu/workspace/ajax/ajaxlogin.php:9
[11-Sep-2017 04:51:17 UTC] PHP   3. loadClass() /home/ubuntu/workspace/ajax/ajaxlogin.php:9
[11-Sep-2017 04:51:19 UTC] PHP Fatal error:  Call to undefined function if_readable() in /home/ubuntu/workspace/autoloader.php on line 13
[11-Sep-2017 04:51:19 UTC] PHP Stack trace:
[11-Sep-2017 04:51:19 UTC] PHP   1. {main}() /home/ubuntu/workspace/ajax/ajaxlogin.php:0
[11-Sep-2017 04:51:19 UTC] PHP   2. spl_autoload_call() /home/ubuntu/workspace/ajax/ajaxlogin.php:9
[11-Sep-2017 04:51:19 UTC] PHP   3. loadClass() /home/ubuntu/workspace/ajax/ajaxlogin.php:9
[11-Sep-2017 04:51:27 UTC] PHP Fatal error:  Call to undefined function if_readable() in /home/ubuntu/workspace/autoloader.php on line 13
[11-Sep-2017 04:51:27 UTC] PHP Stack trace:
[11-Sep-2017 04:51:27 UTC] PHP   1. {main}() /home/ubuntu/workspace/ajax/ajaxlogin.php:0
[11-Sep-2017 04:51:27 UTC] PHP   2. spl_autoload_call() /home/ubuntu/workspace/ajax/ajaxlogin.php:9
[11-Sep-2017 04:51:27 UTC] PHP   3. loadClass() /home/ubuntu/workspace/ajax/ajaxlogin.php:9
[11-Sep-2017 04:51:37 UTC] PHP Fatal error:  Call to undefined function if_readable() in /home/ubuntu/workspace/autoloader.php on line 13
[11-Sep-2017 04:51:37 UTC] PHP Stack trace:
[11-Sep-2017 04:51:37 UTC] PHP   1. {main}() /home/ubuntu/workspace/ajax/ajaxlogin.php:0
[11-Sep-2017 04:51:37 UTC] PHP   2. spl_autoload_call() /home/ubuntu/workspace/ajax/ajaxlogin.php:9
[11-Sep-2017 04:51:37 UTC] PHP   3. loadClass() /home/ubuntu/workspace/ajax/ajaxlogin.php:9
[11-Sep-2017 04:51:39 UTC] PHP Fatal error:  Call to undefined function if_readable() in /home/ubuntu/workspace/autoloader.php on line 13
[11-Sep-2017 04:51:39 UTC] PHP Stack trace:
[11-Sep-2017 04:51:39 UTC] PHP   1. {main}() /home/ubuntu/workspace/ajax/ajaxlogin.php:0
[11-Sep-2017 04:51:39 UTC] PHP   2. spl_autoload_call() /home/ubuntu/workspace/ajax/ajaxlogin.php:9
[11-Sep-2017 04:51:39 UTC] PHP   3. loadClass() /home/ubuntu/workspace/ajax/ajaxlogin.php:9
[11-Sep-2017 04:51:39 UTC] PHP Fatal error:  Call to undefined function if_readable() in /home/ubuntu/workspace/autoloader.php on line 13
[11-Sep-2017 04:51:39 UTC] PHP Stack trace:
[11-Sep-2017 04:51:39 UTC] PHP   1. {main}() /home/ubuntu/workspace/ajax/ajaxlogin.php:0
[11-Sep-2017 04:51:39 UTC] PHP   2. spl_autoload_call() /home/ubuntu/workspace/ajax/ajaxlogin.php:9
[11-Sep-2017 04:51:39 UTC] PHP   3. loadClass() /home/ubuntu/workspace/ajax/ajaxlogin.php:9
[11-Sep-2017 04:51:39 UTC] PHP Fatal error:  Call to undefined function if_readable() in /home/ubuntu/workspace/autoloader.php on line 13
[11-Sep-2017 04:51:39 UTC] PHP Stack trace:
[11-Sep-2017 04:51:39 UTC] PHP   1. {main}() /home/ubuntu/workspace/ajax/ajaxlogin.php:0
[11-Sep-2017 04:51:39 UTC] PHP   2. spl_autoload_call() /home/ubuntu/workspace/ajax/ajaxlogin.php:9
[11-Sep-2017 04:51:39 UTC] PHP   3. loadClass() /home/ubuntu/workspace/ajax/ajaxlogin.php:9
[11-Sep-2017 04:51:45 UTC] PHP Fatal error:  Call to undefined function if_readable() in /home/ubuntu/workspace/autoloader.php on line 13
[11-Sep-2017 04:51:45 UTC] PHP Stack trace:
[11-Sep-2017 04:51:45 UTC] PHP   1. {main}() /home/ubuntu/workspace/ajax/ajaxlogin.php:0
[11-Sep-2017 04:51:45 UTC] PHP   2. spl_autoload_call() /home/ubuntu/workspace/ajax/ajaxlogin.php:9
[11-Sep-2017 04:51:45 UTC] PHP   3. loadClass() /home/ubuntu/workspace/ajax/ajaxlogin.php:9
[11-Sep-2017 04:53:56 UTC] PHP Fatal error:  Call to undefined function if_readable() in /home/ubuntu/workspace/autoloader.php on line 13
[11-Sep-2017 04:53:56 UTC] PHP Stack trace:
[11-Sep-2017 04:53:56 UTC] PHP   1. {main}() /home/ubuntu/workspace/ajax/ajaxlogin.php:0
[11-Sep-2017 04:53:56 UTC] PHP   2. spl_autoload_call() /home/ubuntu/workspace/ajax/ajaxlogin.php:9
[11-Sep-2017 04:53:56 UTC] PHP   3. loadClass() /home/ubuntu/workspace/ajax/ajaxlogin.php:9
[11-Sep-2017 04:53:59 UTC] PHP Fatal error:  Call to undefined function if_readable() in /home/ubuntu/workspace/autoloader.php on line 13
[11-Sep-2017 04:53:59 UTC] PHP Stack trace:
[11-Sep-2017 04:53:59 UTC] PHP   1. {main}() /home/ubuntu/workspace/ajax/ajaxlogin.php:0
[11-Sep-2017 04:53:59 UTC] PHP   2. spl_autoload_call() /home/ubuntu/workspace/ajax/ajaxlogin.php:9
[11-Sep-2017 04:53:59 UTC] PHP   3. loadClass() /home/ubuntu/workspace/ajax/ajaxlogin.php:9
[11-Sep-2017 04:54:01 UTC] PHP Fatal error:  Call to undefined function if_readable() in /home/ubuntu/workspace/autoloader.php on line 13
[11-Sep-2017 04:54:01 UTC] PHP Stack trace:
[11-Sep-2017 04:54:01 UTC] PHP   1. {main}() /home/ubuntu/workspace/ajax/ajaxlogin.php:0
[11-Sep-2017 04:54:01 UTC] PHP   2. spl_autoload_call() /home/ubuntu/workspace/ajax/ajaxlogin.php:9
[11-Sep-2017 04:54:01 UTC] PHP   3. loadClass() /home/ubuntu/workspace/ajax/ajaxlogin.php:9
[11-Sep-2017 04:54:01 UTC] PHP Fatal error:  Call to undefined function if_readable() in /home/ubuntu/workspace/autoloader.php on line 13
[11-Sep-2017 04:54:01 UTC] PHP Stack trace:
[11-Sep-2017 04:54:01 UTC] PHP   1. {main}() /home/ubuntu/workspace/ajax/ajaxlogin.php:0
[11-Sep-2017 04:54:01 UTC] PHP   2. spl_autoload_call() /home/ubuntu/workspace/ajax/ajaxlogin.php:9
[11-Sep-2017 04:54:01 UTC] PHP   3. loadClass() /home/ubuntu/workspace/ajax/ajaxlogin.php:9
[11-Sep-2017 04:55:21 UTC] PHP Fatal error:  Call to undefined function if_readable() in /home/ubuntu/workspace/autoloader.php on line 13
[11-Sep-2017 04:55:21 UTC] PHP Stack trace:
[11-Sep-2017 04:55:21 UTC] PHP   1. {main}() /home/ubuntu/workspace/ajax/ajaxlogin.php:0
[11-Sep-2017 04:55:21 UTC] PHP   2. spl_autoload_call() /home/ubuntu/workspace/ajax/ajaxlogin.php:9
[11-Sep-2017 04:55:21 UTC] PHP   3. loadClass() /home/ubuntu/workspace/ajax/ajaxlogin.php:9
[11-Sep-2017 04:58:16 UTC] PHP Fatal error:  Call to undefined function if_readable() in /home/ubuntu/workspace/autoloader.php on line 13
[11-Sep-2017 04:58:16 UTC] PHP Stack trace:
[11-Sep-2017 04:58:16 UTC] PHP   1. {main}() /home/ubuntu/workspace/ajax/ajaxlogin.php:0
[11-Sep-2017 04:58:16 UTC] PHP   2. spl_autoload_call() /home/ubuntu/workspace/ajax/ajaxlogin.php:9
[11-Sep-2017 04:58:16 UTC] PHP   3. loadClass() /home/ubuntu/workspace/ajax/ajaxlogin.php:9
[11-Sep-2017 04:58:26 UTC] PHP Fatal error:  Call to undefined function if_readable() in /home/ubuntu/workspace/autoloader.php on line 13
[11-Sep-2017 04:58:26 UTC] PHP Stack trace:
[11-Sep-2017 04:58:26 UTC] PHP   1. {main}() /home/ubuntu/workspace/ajax/ajaxlogin.php:0
[11-Sep-2017 04:58:26 UTC] PHP   2. spl_autoload_call() /home/ubuntu/workspace/ajax/ajaxlogin.php:9
[11-Sep-2017 04:58:26 UTC] PHP   3. loadClass() /home/ubuntu/workspace/ajax/ajaxlogin.php:9
[11-Sep-2017 04:58:30 UTC] PHP Fatal error:  Call to undefined function if_readable() in /home/ubuntu/workspace/autoloader.php on line 13
[11-Sep-2017 04:58:30 UTC] PHP Stack trace:
[11-Sep-2017 04:58:30 UTC] PHP   1. {main}() /home/ubuntu/workspace/ajax/ajaxlogin.php:0
[11-Sep-2017 04:58:30 UTC] PHP   2. spl_autoload_call() /home/ubuntu/workspace/ajax/ajaxlogin.php:9
[11-Sep-2017 04:58:30 UTC] PHP   3. loadClass() /home/ubuntu/workspace/ajax/ajaxlogin.php:9
[11-Sep-2017 04:58:30 UTC] PHP Fatal error:  Call to undefined function if_readable() in /home/ubuntu/workspace/autoloader.php on line 13
[11-Sep-2017 04:58:30 UTC] PHP Stack trace:
[11-Sep-2017 04:58:30 UTC] PHP   1. {main}() /home/ubuntu/workspace/ajax/ajaxlogin.php:0
[11-Sep-2017 04:58:30 UTC] PHP   2. spl_autoload_call() /home/ubuntu/workspace/ajax/ajaxlogin.php:9
[11-Sep-2017 04:58:30 UTC] PHP   3. loadClass() /home/ubuntu/workspace/ajax/ajaxlogin.php:9
[11-Sep-2017 04:58:32 UTC] PHP Fatal error:  Call to undefined function if_readable() in /home/ubuntu/workspace/autoloader.php on line 13
[11-Sep-2017 04:58:32 UTC] PHP Stack trace:
[11-Sep-2017 04:58:32 UTC] PHP   1. {main}() /home/ubuntu/workspace/ajax/ajaxlogin.php:0
[11-Sep-2017 04:58:32 UTC] PHP   2. spl_autoload_call() /home/ubuntu/workspace/ajax/ajaxlogin.php:9
[11-Sep-2017 04:58:32 UTC] PHP   3. loadClass() /home/ubuntu/workspace/ajax/ajaxlogin.php:9
[11-Sep-2017 04:58:32 UTC] PHP Fatal error:  Call to undefined function if_readable() in /home/ubuntu/workspace/autoloader.php on line 13
[11-Sep-2017 04:58:32 UTC] PHP Stack trace:
[11-Sep-2017 04:58:32 UTC] PHP   1. {main}() /home/ubuntu/workspace/ajax/ajaxlogin.php:0
[11-Sep-2017 04:58:32 UTC] PHP   2. spl_autoload_call() /home/ubuntu/workspace/ajax/ajaxlogin.php:9
[11-Sep-2017 04:58:32 UTC] PHP   3. loadClass() /home/ubuntu/workspace/ajax/ajaxlogin.php:9
[11-Sep-2017 04:58:36 UTC] PHP Fatal error:  Call to undefined function if_readable() in /home/ubuntu/workspace/autoloader.php on line 13
[11-Sep-2017 04:58:36 UTC] PHP Stack trace:
[11-Sep-2017 04:58:36 UTC] PHP   1. {main}() /home/ubuntu/workspace/ajax/ajaxlogin.php:0
[11-Sep-2017 04:58:36 UTC] PHP   2. spl_autoload_call() /home/ubuntu/workspace/ajax/ajaxlogin.php:9
[11-Sep-2017 04:58:36 UTC] PHP   3. loadClass() /home/ubuntu/workspace/ajax/ajaxlogin.php:9
[11-Sep-2017 04:58:37 UTC] PHP Fatal error:  Call to undefined function if_readable() in /home/ubuntu/workspace/autoloader.php on line 13
[11-Sep-2017 04:58:37 UTC] PHP Stack trace:
[11-Sep-2017 04:58:37 UTC] PHP   1. {main}() /home/ubuntu/workspace/ajax/ajaxlogin.php:0
[11-Sep-2017 04:58:37 UTC] PHP   2. spl_autoload_call() /home/ubuntu/workspace/ajax/ajaxlogin.php:9
[11-Sep-2017 04:58:37 UTC] PHP   3. loadClass() /home/ubuntu/workspace/ajax/ajaxlogin.php:9
[11-Sep-2017 04:58:39 UTC] PHP Fatal error:  Call to undefined function if_readable() in /home/ubuntu/workspace/autoloader.php on line 13
[11-Sep-2017 04:58:39 UTC] PHP Stack trace:
[11-Sep-2017 04:58:39 UTC] PHP   1. {main}() /home/ubuntu/workspace/ajax/ajaxlogin.php:0
[11-Sep-2017 04:58:39 UTC] PHP   2. spl_autoload_call() /home/ubuntu/workspace/ajax/ajaxlogin.php:9
[11-Sep-2017 04:58:39 UTC] PHP   3. loadClass() /home/ubuntu/workspace/ajax/ajaxlogin.php:9
[11-Sep-2017 04:59:32 UTC] PHP Fatal error:  Call to undefined function if_readable() in /home/ubuntu/workspace/autoloader.php on line 13
[11-Sep-2017 04:59:32 UTC] PHP Stack trace:
[11-Sep-2017 04:59:32 UTC] PHP   1. {main}() /home/ubuntu/workspace/ajax/ajaxlogin.php:0
[11-Sep-2017 04:59:32 UTC] PHP   2. spl_autoload_call() /home/ubuntu/workspace/ajax/ajaxlogin.php:9
[11-Sep-2017 04:59:32 UTC] PHP   3. loadClass() /home/ubuntu/workspace/ajax/ajaxlogin.php:9
[11-Sep-2017 04:59:34 UTC] PHP Fatal error:  Call to undefined function if_readable() in /home/ubuntu/workspace/autoloader.php on line 13
[11-Sep-2017 04:59:34 UTC] PHP Stack trace:
[11-Sep-2017 04:59:34 UTC] PHP   1. {main}() /home/ubuntu/workspace/ajax/ajaxlogin.php:0
[11-Sep-2017 04:59:34 UTC] PHP   2. spl_autoload_call() /home/ubuntu/workspace/ajax/ajaxlogin.php:9
[11-Sep-2017 04:59:34 UTC] PHP   3. loadClass() /home/ubuntu/workspace/ajax/ajaxlogin.php:9
[11-Sep-2017 05:10:33 UTC] PHP Fatal error:  Call to undefined function if_readable() in /home/ubuntu/workspace/autoloader.php on line 13
[11-Sep-2017 05:10:33 UTC] PHP Stack trace:
[11-Sep-2017 05:10:33 UTC] PHP   1. {main}() /home/ubuntu/workspace/ajax/ajaxlogin.php:0
[11-Sep-2017 05:10:33 UTC] PHP   2. spl_autoload_call() /home/ubuntu/workspace/ajax/ajaxlogin.php:9
[11-Sep-2017 05:10:33 UTC] PHP   3. loadClass() /home/ubuntu/workspace/ajax/ajaxlogin.php:9
[11-Sep-2017 05:10:41 UTC] PHP Fatal error:  Call to undefined function if_readable() in /home/ubuntu/workspace/autoloader.php on line 13
[11-Sep-2017 05:10:41 UTC] PHP Stack trace:
[11-Sep-2017 05:10:41 UTC] PHP   1. {main}() /home/ubuntu/workspace/ajax/ajaxlogin.php:0
[11-Sep-2017 05:10:41 UTC] PHP   2. spl_autoload_call() /home/ubuntu/workspace/ajax/ajaxlogin.php:9
[11-Sep-2017 05:10:41 UTC] PHP   3. loadClass() /home/ubuntu/workspace/ajax/ajaxlogin.php:9
[11-Sep-2017 05:10:44 UTC] PHP Fatal error:  Call to undefined function if_readable() in /home/ubuntu/workspace/autoloader.php on line 13
[11-Sep-2017 05:10:44 UTC] PHP Stack trace:
[11-Sep-2017 05:10:44 UTC] PHP   1. {main}() /home/ubuntu/workspace/ajax/ajaxlogin.php:0
[11-Sep-2017 05:10:44 UTC] PHP   2. spl_autoload_call() /home/ubuntu/workspace/ajax/ajaxlogin.php:9
[11-Sep-2017 05:10:44 UTC] PHP   3. loadClass() /home/ubuntu/workspace/ajax/ajaxlogin.php:9
[11-Sep-2017 05:10:53 UTC] PHP Fatal error:  Call to undefined function if_readable() in /home/ubuntu/workspace/autoloader.php on line 13
[11-Sep-2017 05:10:53 UTC] PHP Stack trace:
[11-Sep-2017 05:10:53 UTC] PHP   1. {main}() /home/ubuntu/workspace/ajax/ajaxlogin.php:0
[11-Sep-2017 05:10:53 UTC] PHP   2. spl_autoload_call() /home/ubuntu/workspace/ajax/ajaxlogin.php:9
[11-Sep-2017 05:10:53 UTC] PHP   3. loadClass() /home/ubuntu/workspace/ajax/ajaxlogin.php:9
